<?xml version="1.0" encoding="UTF-8"?>
<!-- Generated by org.testng.reporters.JUnitReportReporter -->
<testsuite skipped="0" hostname="LAPTOP-3K67UQ0M" name="com.gtplbank.testCases.TC_UserLoginTest_001" tests="1" failures="0" timestamp="28 Feb 2019 03:22:08 GMT" time="2.053" errors="0">
  <testcase name="loginTest" time="2.053" classname="com.gtplbank.testCases.TC_UserLoginTest_001"/>
</testsuite> <!-- com.gtplbank.testCases.TC_UserLoginTest_001 -->
