<?xml version="1.0" encoding="UTF-8"?>
<!-- Generated by org.testng.reporters.JUnitReportReporter -->
<testsuite skipped="0" hostname="LAPTOP-3K67UQ0M" name="com.gtplbank.testCases.TC_HomePageVerification_002" tests="1" failures="0" timestamp="07 Mar 2019 04:39:32 GMT" time="25.045" errors="0">
  <testcase name="verfiyHomePage" time="25.045" classname="com.gtplbank.testCases.TC_HomePageVerification_002"/>
</testsuite> <!-- com.gtplbank.testCases.TC_HomePageVerification_002 -->
